#
# There is insufficient memory for the Java Runtime Environment to continue.
# Native memory allocation (mmap) failed to map 130023424 bytes. Error detail: G1 virtual space
# Possible reasons:
#   The system is out of physical RAM or swap space
#   This process is running with CompressedOops enabled, and the Java Heap may be blocking the growth of the native heap
# Possible solutions:
#   Reduce memory load on the system
#   Increase physical memory or swap space
#   Check if swap backing store is full
#   Decrease Java heap size (-Xmx/-Xms)
#   Decrease number of Java threads
#   Decrease Java thread stack sizes (-Xss)
#   Set larger code cache with -XX:ReservedCodeCacheSize=
#   JVM is running with Unscaled Compressed Oops mode in which the Java heap is
#     placed in the first 4GB address space. The Java Heap base address is the
#     maximum limit for the native heap growth. Please use -XX:HeapBaseMinAddress
#     to set the Java Heap base and to place the Java Heap above 4GB virtual address.
# This output file may be truncated or incomplete.
#
#  Out of Memory Error (os_windows.cpp:3830), pid=7912, tid=20336
#
# JRE version:  (17.0.14+1) (build )
# Java VM: OpenJDK 64-Bit Server VM (17.0.14+1-b1367.22, mixed mode, sharing, tiered, compressed oops, compressed class ptrs, g1 gc, windows-amd64)
# No core dump will be written. Minidumps are not enabled by default on client versions of Windows
#

---------------  S U M M A R Y ------------

Command Line: -javaagent:C:\Users\DELL\AppData\Local\JetBrains\IdeaIC2025.1\captureAgent\debugger-agent.jar=file:///C:/Users/DELL/AppData/Local/Temp/capture16575058352391955436.props -ea -Didea.test.cyclic.buffer.size=1048576 -javaagent:C:\Program Files\JetBrains\IntelliJ IDEA Community Edition 2025.1\lib\idea_rt.jar=65092 -Dkotlinx.coroutines.debug.enable.creation.stack.trace=false -Ddebugger.agent.enable.coroutines=true -Dkotlinx.coroutines.debug.enable.flows.stack.trace=true -Dkotlinx.coroutines.debug.enable.mutable.state.flows.stack.trace=true -Dfile.encoding=UTF-8 com.intellij.rt.testng.RemoteTestNGStarter -usedefaultlisteners false -socket65091 @w@C:\Users\DELL\AppData\Local\Temp\idea_working_dirs_testng1.tmp -temp C:\Users\DELL\AppData\Local\Temp\idea_testng1.tmp

Host: 11th Gen Intel(R) Core(TM) i5-1135G7 @ 2.40GHz, 8 cores, 7G,  Windows 11 , 64 bit Build 26100 (10.0.26100.3912)
Time: Thu May  1 20:17:35 2025 SE Asia Standard Time elapsed time: 0.076814 seconds (0d 0h 0m 0s)

---------------  T H R E A D  ---------------

Current thread (0x0000016875867cd0):  JavaThread "Unknown thread" [_thread_in_vm, id=20336, stack(0x0000005361500000,0x0000005361600000)]

Stack: [0x0000005361500000,0x0000005361600000]
Native frames: (J=compiled Java code, j=interpreted, Vv=VM code, C=native code)
V  [jvm.dll+0x68b969]  os::platform_print_native_stack+0xd9  (os_windows_x86.cpp:235)
V  [jvm.dll+0x84572a]  VMError::report+0xc6a  (vmError.cpp:868)
V  [jvm.dll+0x8473ae]  VMError::report_and_die+0x78e  (vmError.cpp:1766)
V  [jvm.dll+0x847a13]  VMError::report_and_die+0x43  (vmError.cpp:1552)
V  [jvm.dll+0x24a83f]  report_vm_out_of_memory+0x8f  (debug.cpp:321)
V  [jvm.dll+0x688629]  os::pd_commit_memory_or_exit+0xc9  (os_windows.cpp:3838)
V  [jvm.dll+0x67cf3a]  os::commit_memory_or_exit+0x2a  (os.cpp:1768)
V  [jvm.dll+0x30b83b]  G1PageBasedVirtualSpace::commit+0x19b  (g1PageBasedVirtualSpace.cpp:204)
V  [jvm.dll+0x312d26]  G1RegionsLargerThanCommitSizeMapper::commit_regions+0x96  (g1RegionToSpaceMapper.cpp:100)
V  [jvm.dll+0x3630fe]  HeapRegionManager::expand_any+0xee  (heapRegionManager.cpp:363)
V  [jvm.dll+0x36333f]  HeapRegionManager::expand_by+0x7f  (heapRegionManager.cpp:380)
V  [jvm.dll+0x2e18cc]  G1CollectedHeap::expand+0xbc  (g1CollectedHeap.cpp:1292)
V  [jvm.dll+0x2e2824]  G1CollectedHeap::initialize+0x664  (g1CollectedHeap.cpp:1713)
V  [jvm.dll+0x815ffb]  universe_init+0xbb  (universe.cpp:737)
V  [jvm.dll+0x370e88]  init_globals+0x48  (init.cpp:131)
V  [jvm.dll+0x7f4875]  Threads::create_vm+0x5e5  (thread.cpp:2909)
V  [jvm.dll+0x3f54ef]  JNI_CreateJavaVM_inner+0x8f  (jni.cpp:3654)
V  [jvm.dll+0x3f70c1]  JNI_CreateJavaVM+0x11  (jni.cpp:3746)
C  [jli.dll+0x52ab]  JavaMain+0x113  (java.c:413)
C  [ucrtbase.dll+0x37b0]
C  [KERNEL32.DLL+0x2e8d7]
C  [ntdll.dll+0x9c5dc]


---------------  P R O C E S S  ---------------

Threads class SMR info:
_java_thread_list=0x00007ffcb8e89018, length=0, elements={
}

Java Threads: ( => current thread )

Other Threads:
  0x00000168758c3740 GCTaskThread "GC Thread#0" [stack: 0x0000005361600000,0x0000005361700000] [id=1784]
  0x00000168758d6a40 ConcurrentGCThread "G1 Main Marker" [stack: 0x0000005361700000,0x0000005361800000] [id=11744]
  0x00000168758d7370 ConcurrentGCThread "G1 Conc#0" [stack: 0x0000005361800000,0x0000005361900000] [id=6844]

[error occurred during error reporting (printing all threads), id 0xc0000005, EXCEPTION_ACCESS_VIOLATION (0xc0000005) at pc=0x00007ffcb8632197]

VM state: not at safepoint (not fully initialized)

VM Mutex/Monitor currently owned by a thread:  ([mutex/lock_event])
[0x0000016875861b90] Heap_lock - owner thread: 0x0000016875867cd0

Heap address: 0x0000000084200000, size: 1982 MB, Compressed Oops mode: 32-bit

CDS archive(s) mapped at: [0x0000000000000000-0x0000000000000000-0x0000000000000000), size 0, SharedBaseAddress: 0x0000000800000000, ArchiveRelocationMode: 1.
Narrow klass base: 0x0000000000000000, Narrow klass shift: 0, Narrow klass range: 0x0

GC Precious Log:
<Empty>

Heap:
 garbage-first heap   total 0K, used 0K [0x0000000084200000, 0x0000000100000000)
  region size 1024K, 0 young (0K), 0 survivors (0K)
 Metaspace       used 0K, committed 0K, reserved 0K
  class space    used 0K, committed 0K, reserved 0K

Heap Regions: E=young(eden), S=young(survivor), O=old, HS=humongous(starts), HC=humongous(continues), CS=collection set, F=free, OA=open archive, CA=closed archive, TAMS=top-at-mark-start (previous, next)

Card table byte_map: [0x000001687b730000,0x000001687bb10000] _byte_map_base: 0x000001687b30f000

Marking Bits (Prev, Next): (CMBitMap*) 0x00000168758c3c70, (CMBitMap*) 0x00000168758c3cb0
 Prev Bits: [0x000001687bef0000, 0x000001687dde8000)
 Next Bits: [0x000001687ddf0000, 0x000001687fce8000)

GC Heap History (0 events):
No events

Dll operation events (2 events):
Event: 0.069 Loaded shared library C:\Users\DELL\.jdks\jbr-17.0.14\bin\java.dll
Event: 0.070 Loaded shared library C:\Users\DELL\.jdks\jbr-17.0.14\bin\zip.dll

Deoptimization events (0 events):
No events

Classes loaded (0 events):
No events

Classes unloaded (0 events):
No events

Classes redefined (0 events):
No events

Internal exceptions (0 events):
No events

VM Operations (0 events):
No events

Memory protections (0 events):
No events

Nmethod flushes (0 events):
No events

Events (0 events):
No events


Dynamic libraries:
0x00007ff61f1b0000 - 0x00007ff61f1ba000 	C:\Users\DELL\.jdks\jbr-17.0.14\bin\java.exe
0x00007ffd93020000 - 0x00007ffd93286000 	C:\WINDOWS\SYSTEM32\ntdll.dll
0x00007ffd91620000 - 0x00007ffd916e9000 	C:\WINDOWS\System32\KERNEL32.DLL
0x00007ffd90500000 - 0x00007ffd908cc000 	C:\WINDOWS\System32\KERNELBASE.dll
0x00007ffd903b0000 - 0x00007ffd904fb000 	C:\WINDOWS\System32\ucrtbase.dll
0x00007ffd5fda0000 - 0x00007ffd5fdb7000 	C:\Users\DELL\.jdks\jbr-17.0.14\bin\jli.dll
0x00007ffd5f430000 - 0x00007ffd5f44b000 	C:\Users\DELL\.jdks\jbr-17.0.14\bin\VCRUNTIME140.dll
0x00007ffd929f0000 - 0x00007ffd92bba000 	C:\WINDOWS\System32\USER32.dll
0x00007ffd90240000 - 0x00007ffd90267000 	C:\WINDOWS\System32\win32u.dll
0x00007ffd7a4f0000 - 0x00007ffd7a78a000 	C:\WINDOWS\WinSxS\amd64_microsoft.windows.common-controls_6595b64144ccf1df_6.0.26100.3912_none_3e07963ce335137e\COMCTL32.dll
0x00007ffd91950000 - 0x00007ffd9197b000 	C:\WINDOWS\System32\GDI32.dll
0x00007ffd90270000 - 0x00007ffd903a2000 	C:\WINDOWS\System32\gdi32full.dll
0x00007ffd91370000 - 0x00007ffd91419000 	C:\WINDOWS\System32\msvcrt.dll
0x00007ffd908d0000 - 0x00007ffd90973000 	C:\WINDOWS\System32\msvcp_win.dll
0x00007ffd91480000 - 0x00007ffd914b0000 	C:\WINDOWS\System32\IMM32.DLL
0x00007ffd71500000 - 0x00007ffd7150c000 	C:\Users\DELL\.jdks\jbr-17.0.14\bin\vcruntime140_1.dll
0x00007ffd5e9f0000 - 0x00007ffd5ea7d000 	C:\Users\DELL\.jdks\jbr-17.0.14\bin\msvcp140.dll
0x00007ffcb8340000 - 0x00007ffcb8fce000 	C:\Users\DELL\.jdks\jbr-17.0.14\bin\server\jvm.dll
0x00007ffd917a0000 - 0x00007ffd91852000 	C:\WINDOWS\System32\ADVAPI32.dll
0x00007ffd916f0000 - 0x00007ffd91796000 	C:\WINDOWS\System32\sechost.dll
0x00007ffd90fe0000 - 0x00007ffd910f6000 	C:\WINDOWS\System32\RPCRT4.dll
0x00007ffd918d0000 - 0x00007ffd91944000 	C:\WINDOWS\System32\WS2_32.dll
0x00007ffd90000000 - 0x00007ffd9005e000 	C:\WINDOWS\SYSTEM32\POWRPROF.dll
0x00007ffd80220000 - 0x00007ffd8022b000 	C:\WINDOWS\SYSTEM32\VERSION.dll
0x00007ffd87170000 - 0x00007ffd871a6000 	C:\WINDOWS\SYSTEM32\WINMM.dll
0x00007ffd8ffe0000 - 0x00007ffd8fff4000 	C:\WINDOWS\SYSTEM32\UMPDC.dll
0x00007ffd8ef70000 - 0x00007ffd8ef8a000 	C:\WINDOWS\SYSTEM32\kernel.appcore.dll
0x00007ffd70980000 - 0x00007ffd7098a000 	C:\Users\DELL\.jdks\jbr-17.0.14\bin\jimage.dll
0x00007ffd8d840000 - 0x00007ffd8da81000 	C:\WINDOWS\SYSTEM32\DBGHELP.DLL
0x00007ffd92c40000 - 0x00007ffd92fc4000 	C:\WINDOWS\System32\combase.dll
0x00007ffd91a30000 - 0x00007ffd91b10000 	C:\WINDOWS\System32\OLEAUT32.dll
0x00007ffd5bba0000 - 0x00007ffd5bbd9000 	C:\WINDOWS\SYSTEM32\dbgcore.DLL
0x00007ffd90b00000 - 0x00007ffd90b99000 	C:\WINDOWS\System32\bcryptPrimitives.dll
0x00007ffd5fe40000 - 0x00007ffd5fe4e000 	C:\Users\DELL\.jdks\jbr-17.0.14\bin\instrument.dll
0x00007ffd5edf0000 - 0x00007ffd5ee15000 	C:\Users\DELL\.jdks\jbr-17.0.14\bin\java.dll
0x00007ffd5f410000 - 0x00007ffd5f428000 	C:\Users\DELL\.jdks\jbr-17.0.14\bin\zip.dll

dbghelp: loaded successfully - version: 4.0.5 - missing functions: none
symbol engine: initialized successfully - sym options: 0x614 - pdb path: .;C:\Users\DELL\.jdks\jbr-17.0.14\bin;C:\WINDOWS\SYSTEM32;C:\WINDOWS\WinSxS\amd64_microsoft.windows.common-controls_6595b64144ccf1df_6.0.26100.3912_none_3e07963ce335137e;C:\Users\DELL\.jdks\jbr-17.0.14\bin\server

VM Arguments:
jvm_args: -javaagent:C:\Users\DELL\AppData\Local\JetBrains\IdeaIC2025.1\captureAgent\debugger-agent.jar=file:///C:/Users/DELL/AppData/Local/Temp/capture16575058352391955436.props -ea -Didea.test.cyclic.buffer.size=1048576 -javaagent:C:\Program Files\JetBrains\IntelliJ IDEA Community Edition 2025.1\lib\idea_rt.jar=65092 -Dkotlinx.coroutines.debug.enable.creation.stack.trace=false -Ddebugger.agent.enable.coroutines=true -Dkotlinx.coroutines.debug.enable.flows.stack.trace=true -Dkotlinx.coroutines.debug.enable.mutable.state.flows.stack.trace=true -Dfile.encoding=UTF-8 
java_command: com.intellij.rt.testng.RemoteTestNGStarter -usedefaultlisteners false -socket65091 @w@C:\Users\DELL\AppData\Local\Temp\idea_working_dirs_testng1.tmp -temp C:\Users\DELL\AppData\Local\Temp\idea_testng1.tmp
java_class_path (initial): C:\Program Files\JetBrains\IntelliJ IDEA Community Edition 2025.1\lib\idea_rt.jar;C:\Program Files\JetBrains\IntelliJ IDEA Community Edition 2025.1\plugins\testng\lib\testng-rt.jar;D:\Downloads\Selenium_Railway_Group7\Selenium_Railway_Group7\target\test-classes;D:\Downloads\Selenium_Railway_Group7\Selenium_Railway_Group7\target\classes;C:\Users\DELL\.m2\repository\org\seleniumhq\selenium\selenium-java\4.20.0\selenium-java-4.20.0.jar;C:\Users\DELL\.m2\repository\org\seleniumhq\selenium\selenium-api\4.20.0\selenium-api-4.20.0.jar;C:\Users\DELL\.m2\repository\org\seleniumhq\selenium\selenium-chrome-driver\4.20.0\selenium-chrome-driver-4.20.0.jar;C:\Users\DELL\.m2\repository\com\google\auto\service\auto-service-annotations\1.1.1\auto-service-annotations-1.1.1.jar;C:\Users\DELL\.m2\repository\org\seleniumhq\selenium\selenium-chromium-driver\4.20.0\selenium-chromium-driver-4.20.0.jar;C:\Users\DELL\.m2\repository\org\seleniumhq\selenium\selenium-json\4.20.0\selenium-json-4.20.0.jar;C:\Users\DELL\.m2\repository\org\seleniumhq\selenium\selenium-manager\4.20.0\selenium-manager-4.20.0.jar;C:\Users\DELL\.m2\repository\org\seleniumhq\selenium\selenium-devtools-v122\4.20.0\selenium-devtools-v122-4.20.0.jar;C:\Users\DELL\.m2\repository\org\seleniumhq\selenium\selenium-devtools-v123\4.20.0\selenium-devtools-v123-4.20.0.jar;C:\Users\DELL\.m2\repository\org\seleniumhq\selenium\selenium-devtools-v124\4.20.0\selenium-devtools-v124-4.20.0.jar;C:\Users\DELL\.m2\repository\org\seleniumhq\selenium\selenium-devtools-v85\4.20.0\selenium-devtools-v85-4.20.0.jar;C:\Users\DELL\.m2\repository\org\seleniumhq\selenium\selenium-edge-driver\4.20.0\selenium-edge-driver-4.20.0.jar;C:\Users\DELL\.m2\repository\org\seleniumhq\selenium\selenium-firefox-driver\4.20.0\selenium-firefox-driver-4.20.0.jar;C:\Users\DELL\.m2\repository\org\seleniumhq\selenium\selenium-http\4.20.0\selenium-http-4.20.0.jar;C:\Users\DELL\.m2\repository\dev\failsafe\failsafe\3.3.2\failsafe-3.3.2.jar;C:\
Launcher Type: SUN_STANDARD

[Global flags]
     intx CICompilerCount                          = 4                                         {product} {ergonomic}
     uint ConcGCThreads                            = 2                                         {product} {ergonomic}
     uint G1ConcRefinementThreads                  = 8                                         {product} {ergonomic}
   size_t G1HeapRegionSize                         = 1048576                                   {product} {ergonomic}
    uintx GCDrainStackTargetSize                   = 64                                        {product} {ergonomic}
   size_t InitialHeapSize                          = 130023424                                 {product} {ergonomic}
   size_t MarkStackSize                            = 4194304                                   {product} {ergonomic}
   size_t MaxHeapSize                              = 2078277632                                {product} {ergonomic}
   size_t MinHeapDeltaBytes                        = 1048576                                   {product} {ergonomic}
   size_t MinHeapSize                              = 8388608                                   {product} {ergonomic}
    uintx NonNMethodCodeHeapSize                   = 5839372                                {pd product} {ergonomic}
    uintx NonProfiledCodeHeapSize                  = 122909434                              {pd product} {ergonomic}
    uintx ProfiledCodeHeapSize                     = 122909434                              {pd product} {ergonomic}
    uintx ReservedCodeCacheSize                    = 251658240                              {pd product} {ergonomic}
     bool SegmentedCodeCache                       = true                                      {product} {ergonomic}
   size_t SoftMaxHeapSize                          = 2078277632                             {manageable} {ergonomic}
     bool UseCompressedClassPointers               = true                           {product lp64_product} {ergonomic}
     bool UseCompressedOops                        = true                           {product lp64_product} {ergonomic}
     bool UseG1GC                                  = true                                      {product} {ergonomic}
     bool UseLargePagesIndividualAllocation        = false                                  {pd product} {ergonomic}

Logging:
Log output configuration:
 #0: stdout all=warning uptime,level,tags
 #1: stderr all=off uptime,level,tags

Environment Variables:
JAVA_HOME=C:\Program Files\Eclipse Adoptium\jdk-11.0.27.6-hotspot
PATH=C:\Program Files\Eclipse Adoptium\jdk-11.0.27.6-hotspot\bin;C:\Program Files\Microsoft MPI\Bin\;C:\WINDOWS\system32;C:\WINDOWS;C:\WINDOWS\System32\Wbem;C:\WINDOWS\System32\WindowsPowerShell\v1.0\;C:\WINDOWS\System32\OpenSSH\;C:\Program Files (x86)\Microsoft SQL Server\160\Tools\Binn\;C:\Program Files\Microsoft SQL Server\160\Tools\Binn\;C:\Program Files\Microsoft SQL Server\Client SDK\ODBC\170\Tools\Binn\;C:\Program Files\Microsoft SQL Server\160\DTS\Binn\;C:\Program Files (x86)\Microsoft SQL Server\160\DTS\Binn\;C:\Program Files\Microsoft SQL Server\150\Tools\Binn\;C:\Program Files\dotnet\;C:\Program Files\nodejs\;D:\flutter\flutter\bin;C:\ProgramData\chocolatey\bin;C:\Program Files\Git\cmd;C:\Program Files\Eclipse Adoptium\jdk-11.0.27.6-hotspot\bin;C:\Program Files\apache-maven-3.9.9\bin;C:\Users\DELL\AppData\Local\Programs\Python\Python313\Scripts\;C:\Users\DELL\AppData\Local\Programs\Python\Python313\;C:\Users\DELL\AppData\Local\Programs\Python\Launcher\;C:\Users\DELL\AppData\Local\Microsoft\WindowsApps;C:\Program Files\Microsoft VS Code\bin;C:\Users\DELL\.dotnet\tools;C:\Users\DELL\AppData\Roaming\npm;C:\Program Files (x86)\Brackets\;C:\Program Files\JetBrains\PyCharm Community Edition 2024.3.1.1\bin;;C:\tools\dart-sdk\bin;C:\Users\DELL\AppData\Local\Pub\Cache\bin;D:\app\cursor\resources\app\bin
USERNAME=DELL
OS=Windows_NT
PROCESSOR_IDENTIFIER=Intel64 Family 6 Model 140 Stepping 1, GenuineIntel
TMP=C:\Users\DELL\AppData\Local\Temp
TEMP=C:\Users\DELL\AppData\Local\Temp



Periodic native trim disabled

JNI global refs:
JNI global refs: 0, weak refs: 0

JNI global refs memory usage: 0, weak refs: 0

Process memory usage:
Resident Set Size: 51964K (0% of 8117028K total physical memory with 761564K free physical memory)

OOME stack traces (most recent first):
Classloader memory used:


---------------  S Y S T E M  ---------------

OS:
 Windows 11 , 64 bit Build 26100 (10.0.26100.3912)
OS uptime: 0 days 10:12 hours
Hyper-V role detected

CPU: total 8 (initial active 8) (4 cores per cpu, 2 threads per core) family 6 model 140 stepping 1 microcode 0xbc, cx8, cmov, fxsr, ht, mmx, 3dnowpref, sse, sse2, sse3, ssse3, sse4.1, sse4.2, popcnt, lzcnt, tsc, tscinvbit, avx, avx2, aes, erms, clmul, bmi1, bmi2, adx, avx512f, avx512dq, avx512cd, avx512bw, avx512vl, sha, fma, vzeroupper, avx512_vpopcntdq, avx512_vpclmulqdq, avx512_vaes, avx512_vnni, clflush, clflushopt, clwb, avx512_vbmi2, avx512_vbmi, hv
Processor Information for all 8 processors :
  Max Mhz: 2419, Current Mhz: 2419, Mhz Limit: 2419

Memory: 4k page, system-wide physical 7926M (743M free)
TotalPageFile size 17440M (AvailPageFile size 15M)
current process WorkingSet (physical memory assigned to process): 50M, peak: 50M
current process commit charge ("private bytes"): 98M, peak: 184M

vm_info: OpenJDK 64-Bit Server VM (17.0.14+1-b1367.22) for windows-amd64 JRE (17.0.14+1-b1367.22), built on 2025-01-30 by "builduser" with MS VC++ 16.10 / 16.11 (VS2019)

END.
